+--------------------------+ 
| model/classifier.pkl.dvc | 
+--------------------------+ 
+--------------------------------------+ 
| model/model_metrics_by_slice.csv.dvc | 
+--------------------------------------+ 
+-------------------------------+  
| model/label_binarizer.pkl.dvc |  
+-------------------------------+  
+-------------------------------+  
| model/overall_metrics.txt.dvc |  
+-------------------------------+  
+-----------------------+  
| model/encoder.pkl.dvc |  
+-----------------------+  
+---------------------+  
| data/census.csv.dvc |  
+---------------------+  
+-----------------------------+  
| data/census_cleaned.csv.dvc |  
+-----------------------------+  
+----------------------------------------+ 
| data/train_test_split/train_df.csv.dvc | 
+----------------------------------------+ 
+---------------------------------------+  
| data/train_test_split/test_df.csv.dvc |  
+---------------------------------------+  +----------------------+ 
| model/classifier.pkl | 
+----------------------+ 
+----------------------------------+ 
| model/model_metrics_by_slice.csv | 
+----------------------------------+ 
+---------------------------+  
| model/label_binarizer.pkl |  
+---------------------------+  
+---------------------------+  
| model/overall_metrics.txt |  
+---------------------------+  
+-------------------+  
| model/encoder.pkl |  
+-------------------+  
+-----------------+  
| data/census.csv |  
+-----------------+  
+-------------------------+  
| data/census_cleaned.csv |  
+-------------------------+  
+------------------------------------+ 
| data/train_test_split/train_df.csv | 
+------------------------------------+ 
+-----------------------------------+  
| data/train_test_split/test_df.csv |  
+-----------------------------------+  